FoodRadar_Android/app/build/intermediates/manifest_merge_blame_file/debug/manifest-merger-blame-debug-report.txt
1<?xml version="1.0" encoding="utf-8"?>
2<manifest xmlns:android="http://schemas.android.com/apk/res/android"
3    package="com.example.foodradar_android"
4    android:versionCode="1"
5    android:versionName="1.0" >
6
7    <uses-sdk
8        android:minSdkVersion="19"
8-->src/main/AndroidManifest.xml
9        android:targetSdkVersion="29" />
9-->src/main/AndroidManifest.xml
10
11    <uses-permission android:name="android.permission.ACCESS_NETWORK_STATE" />
11-->src/main/AndroidManifest.xml:5:5-79
11-->src/main/AndroidManifest.xml:5:22-76
12    <uses-permission android:name="android.permission.INTERNET" />
12-->src/main/AndroidManifest.xml:7:5-67
12-->src/main/AndroidManifest.xml:7:22-64
13    <uses-permission android:name="android.permission.ACCESS_NETWORK_STATE" />
13-->src/main/AndroidManifest.xml:5:5-79
13-->src/main/AndroidManifest.xml:5:22-76
14    <uses-permission android:name="android.permission.ACCESS_COARSE_LOCATION" />
14-->src/main/AndroidManifest.xml:9:5-81
14-->src/main/AndroidManifest.xml:9:22-78
15    <uses-permission android:name="android.permission.ACCESS_FINE_LOCATION" />
15-->src/main/AndroidManifest.xml:10:5-79
15-->src/main/AndroidManifest.xml:10:22-76
16
17    <uses-feature
17-->src/main/AndroidManifest.xml:12:5-14:35
18        android:glEsVersion="0x00020000"
18-->src/main/AndroidManifest.xml:13:9-41
19        android:required="true" />
19-->src/main/AndroidManifest.xml:14:9-32
20
21    <application
21-->src/main/AndroidManifest.xml:16:5-41:19
22        android:allowBackup="true"
22-->src/main/AndroidManifest.xml:17:9-35
23        android:appComponentFactory="androidx.core.app.CoreComponentFactory"
23-->[androidx.core:core:1.3.1] AndroidManifest.xml:24:18-86
24        android:debuggable="true"
25        android:icon="@mipmap/ic_launcher"
25-->src/main/AndroidManifest.xml:18:9-43
26        android:label="@string/app_name"
26-->src/main/AndroidManifest.xml:19:9-41
27        android:roundIcon="@mipmap/ic_launcher_round"
27-->src/main/AndroidManifest.xml:20:9-54
28        android:supportsRtl="true"
28-->src/main/AndroidManifest.xml:21:9-35
29        android:testOnly="true"
30        android:theme="@style/AppTheme"
30-->src/main/AndroidManifest.xml:22:9-40
31        android:usesCleartextTraffic="true" >
31-->src/main/AndroidManifest.xml:23:9-44
32        <meta-data
32-->src/main/AndroidManifest.xml:26:9-28:69
33            android:name="com.google.android.gms.version"
33-->src/main/AndroidManifest.xml:27:13-58
34            android:value="@integer/google_play_services_version" />
34-->src/main/AndroidManifest.xml:28:13-66
35        <meta-data
35-->src/main/AndroidManifest.xml:30:9-32:71
36            android:name="com.google.android.geo.API_KEY"
36-->src/main/AndroidManifest.xml:31:13-58
37            android:value="AIzaSyCycZkI4Z2MZYuoJmnkogb5SdZVUF2WgI0" />
37-->src/main/AndroidManifest.xml:32:13-68
38
39        <activity android:name="com.example.foodradar_android.MainActivity" >
39-->src/main/AndroidManifest.xml:34:9-39:20
39-->src/main/AndroidManifest.xml:34:19-47
40            <intent-filter>
40-->src/main/AndroidManifest.xml:35:13-38:29
41                <action android:name="android.intent.action.MAIN" />
41-->src/main/AndroidManifest.xml:36:17-69
41-->src/main/AndroidManifest.xml:36:25-66
42
43                <category android:name="android.intent.category.LAUNCHER" />
43-->src/main/AndroidManifest.xml:37:17-77
43-->src/main/AndroidManifest.xml:37:27-74
44            </intent-filter>
45        </activity>
46
47        <!-- Needs to be explicitly declared on P+ -->
48        <uses-library
48-->[com.google.android.gms:play-services-maps:17.0.0] AndroidManifest.xml:33:9-35:40
49            android:name="org.apache.http.legacy"
49-->[com.google.android.gms:play-services-maps:17.0.0] AndroidManifest.xml:34:13-50
50            android:required="false" />
50-->[com.google.android.gms:play-services-maps:17.0.0] AndroidManifest.xml:35:13-37
51
52        <activity
52-->[com.google.android.gms:play-services-base:17.0.0] AndroidManifest.xml:23:9-26:75
53            android:name="com.google.android.gms.common.api.GoogleApiActivity"
53-->[com.google.android.gms:play-services-base:17.0.0] AndroidManifest.xml:24:13-79
54            android:exported="false"
54-->[com.google.android.gms:play-services-base:17.0.0] AndroidManifest.xml:25:13-37
55            android:theme="@android:style/Theme.Translucent.NoTitleBar" />
55-->[com.google.android.gms:play-services-base:17.0.0] AndroidManifest.xml:26:13-72
56    </application>
57
58</manifest>